[32m2024-05-24 18:33:26 +0200[0m - dagster - [34mDEBUG[0m - __ASSET_JOB - 2003367a-6aa4-430d-b621-13ee1dd0f1a7 - 6925 - LOGS_CAPTURED - Started capturing logs in process (pid: 6925).
[32m2024-05-24 18:33:26 +0200[0m - dagster - [34mDEBUG[0m - __ASSET_JOB - 2003367a-6aa4-430d-b621-13ee1dd0f1a7 - 6925 - cloud_function_pipes_asset - STEP_START - Started execution of step "cloud_function_pipes_asset".
/home/vscode/workspace/dagster/pipes.py:98: ExperimentalWarning: Function `open_pipes_session` is experimental. It may break in future versions, even between dot releases. To mute warnings for experimental functionality, invoke warnings.filterwarnings("ignore", category=dagster.ExperimentalWarning) or use one of the other methods described at https://docs.python.org/3/library/warnings.html#describing-warning-filters.
  with open_pipes_session(
/home/vscode/workspace/.venv/lib/python3.11/site-packages/dagster/_core/pipes/context.py:381: ExperimentalWarning: Function `AssetExecutionContext.get_asset_provenance` is experimental. It may break in future versions, even between dot releases. To mute warnings for experimental functionality, invoke warnings.filterwarnings("ignore", category=dagster.ExperimentalWarning) or use one of the other methods described at https://docs.python.org/3/library/warnings.html#describing-warning-filters.
  _convert_asset_key(key): _convert_data_provenance(context.get_asset_provenance(key))
/home/vscode/workspace/.venv/lib/python3.11/site-packages/dagster/_core/execution/context/compute.py:1774: ExperimentalWarning: Function `OpExecutionContext.get_asset_provenance` is experimental. It may break in future versions, even between dot releases. To mute warnings for experimental functionality, invoke warnings.filterwarnings("ignore", category=dagster.ExperimentalWarning) or use one of the other methods described at https://docs.python.org/3/library/warnings.html#describing-warning-filters.
  return self.op_execution_context.get_asset_provenance(asset_key=asset_key)
/home/vscode/workspace/.venv/lib/python3.11/site-packages/dagster/_core/pipes/utils.py:606: ExperimentalWarning: Class `PipesMessageHandler` is experimental. It may break in future versions, even between dot releases. To mute warnings for experimental functionality, invoke warnings.filterwarnings("ignore", category=dagster.ExperimentalWarning) or use one of the other methods described at https://docs.python.org/3/library/warnings.html#describing-warning-filters.
  message_handler = PipesMessageHandler(context, message_reader)
/home/vscode/workspace/.venv/lib/python3.11/site-packages/dagster/_core/pipes/utils.py:611: ExperimentalWarning: Class `PipesSession` is experimental. It may break in future versions, even between dot releases. To mute warnings for experimental functionality, invoke warnings.filterwarnings("ignore", category=dagster.ExperimentalWarning) or use one of the other methods described at https://docs.python.org/3/library/warnings.html#describing-warning-filters.
  yield PipesSession(
[32m2024-05-24 18:33:26 +0200[0m - dagster - [34mWARNING[0m - __ASSET_JOB - 2003367a-6aa4-430d-b621-13ee1dd0f1a7 - cloud_function_pipes_asset - [pipes] did not receive any messages from external process. Check stdout / stderr logs from the external process if possible.
PipesFunctionEventContextInjector: Attempted to inject context via the cloud function event input.
PipesFunctionLogsMessageReader: Attempted to read messages by extracting them from the tail of lambda logs directly.

/home/vscode/workspace/dagster/pipes.py:118: ExperimentalWarning: Class `PipesClientCompletedInvocation` is experimental. It may break in future versions, even between dot releases. To mute warnings for experimental functionality, invoke warnings.filterwarnings("ignore", category=dagster.ExperimentalWarning) or use one of the other methods described at https://docs.python.org/3/library/warnings.html#describing-warning-filters.
  return PipesClientCompletedInvocation(session)
[32m2024-05-24 18:33:26 +0200[0m - dagster - [34mDEBUG[0m - __ASSET_JOB - 2003367a-6aa4-430d-b621-13ee1dd0f1a7 - 6925 - cloud_function_pipes_asset - STEP_OUTPUT - Yielded output "result" of type "Nothing". (Type check passed).
[32m2024-05-24 18:33:26 +0200[0m - dagster - [34mDEBUG[0m - __ASSET_JOB - 2003367a-6aa4-430d-b621-13ee1dd0f1a7 - 6925 - cloud_function_pipes_asset - ASSET_MATERIALIZATION - Materialized value cloud_function_pipes_asset.
[32m2024-05-24 18:33:26 +0200[0m - dagster - [34mDEBUG[0m - __ASSET_JOB - 2003367a-6aa4-430d-b621-13ee1dd0f1a7 - 6925 - cloud_function_pipes_asset - STEP_SUCCESS - Finished execution of step "cloud_function_pipes_asset" in 408ms.
